<?xml version="1.0" encoding="UTF-8"?>
<testng-results ignored="0" total="1" passed="1" failed="0" skipped="0">
  <reporter-output>
  </reporter-output>
  <suite started-at="2019-09-20T07:16:17 IST" name="Default suite" finished-at="2019-09-20T07:16:50 IST" duration-ms="32924">
    <groups>
    </groups>
    <test started-at="2019-09-20T07:16:17 IST" name="Default test" finished-at="2019-09-20T07:16:50 IST" duration-ms="32924">
      <class name="PageObjectClass$.conftest">
        <test-method signature="test()[pri:0, instance:PageObjectClass$.conftest@1a0dcaa]" started-at="2019-09-20T07:16:18 IST" name="test" finished-at="2019-09-20T07:16:50 IST" duration-ms="32642" status="PASS">
          <reporter-output>
          </reporter-output>
        </test-method> <!-- test -->
      </class> <!-- PageObjectClass$.conftest -->
    </test> <!-- Default test -->
  </suite> <!-- Default suite -->
</testng-results>
